Log file open, 12/03/16 02:13:11
LogInit:Display: Running engine for game: ShooterGame
LogPlatformFile: Not using cached read wrapper
LogInit:Display: RandInit(1860569089) SRandInit(1860569091).
LogTaskGraph: Started task graph with 4 named threads and 5 total threads with 1 sets of task threads.
LogStats: Stats thread started at 0.093060
LogInit: Version: 4.12.5-3039270+++UE4+Release-4.12
LogInit: API Version: 2992821
LogInit: Net Version: 3039270
LogDevObjectVersion: Number of dev versions registered: 13
LogDevObjectVersion:   Dev-Blueprints (B0D832E4-1F89-4F0D-ACCF-7EB736FD4AA2): 3
LogDevObjectVersion:   Dev-Build (E1C64328-A22C-4D53-A36C-8E866417BD8C): 0
LogDevObjectVersion:   Dev-Core (375EC13C-06E4-48FB-B500-84F0262A717E): 1
LogDevObjectVersion:   Dev-Editor (E4B068ED-F494-42E9-A231-DA0B2E46BB41): 2
LogDevObjectVersion:   Dev-Framework (CFFC743F-43B0-4480-9391-14DF171D2073): 6
LogDevObjectVersion:   Dev-Mobile (B02B49B5-BB20-44E9-A304-32B752E40360): 0
LogDevObjectVersion:   Dev-Networking (A4E4105C-59A1-49B5-A7C5-40C4547EDFEE): 0
LogDevObjectVersion:   Dev-Online (39C831C9-5AE6-47DC-9A44-9C173E1C8E7C): 0
LogDevObjectVersion:   Dev-Physics (78F01B33-EBEA-4F98-B9B4-84EACCB95AA2): 0
LogDevObjectVersion:   Dev-Platform (6631380F-2D4D-43E0-8009-CF276956A95A): 0
LogDevObjectVersion:   Dev-Rendering (12F88B9F-8875-4AFC-A67C-D90C383ABD29): 2
LogDevObjectVersion:   Dev-Sequencer (7B5AE74C-D270-4C10-A958-57980B212A5A): 0
LogDevObjectVersion:   Dev-VR (D7296918-1DD6-4BDD-9DE2-64A83CC13884): 0
LogInit: Compiled (64-bit): Jul  6 2016 09:09:46
LogInit: Compiled with Visual C++: 19.00.23026.00
LogInit: Build Configuration: Development
LogInit: Branch Name: ++UE4+Release-4.12
LogInit: Command line:  
LogInit: Base directory: C:/Program Files (x86)/Epic Games/4.12/Engine/Binaries/Win64/
LogInit: Installed Engine Build: 1
LogInit: Using libcurl 7.41.0
LogInit:  - built for x86_64-pc-win32
LogInit:  - supports SSL with WinSSL
LogInit:  - other features:
LogInit:      CURL_VERSION_SSL
LogInit:      CURL_VERSION_IPV6
LogInit:      CURL_VERSION_ASYNCHDNS
LogInit:      CURL_VERSION_LARGEFILE
LogInit:      CURL_VERSION_IDN
LogInit:  CurlRequestOptions (configurable via config and command line):
LogInit:  - bVerifyPeer = true  - Libcurl will verify peer certificate
LogInit:  - bUseHttpProxy = false  - Libcurl will NOT use HTTP proxy
LogInit:  - bDontReuseConnections = false  - Libcurl will reuse connections
LogInit:  - CertBundlePath = nullptr  - Libcurl will use whatever was configured at build time.
LogInit: Presizing for max 8388607 objects, including 0 objects not considered by GC, pre-allocating 0 bytes for permanent pool.
LogInit: Object subsystem initialized
[2016.12.02-22.13.11:651][  0]LogInit: Selected Device Profile: [Windows]
[2016.12.02-22.13.11:651][  0]LogInit: Applying CVar settings loaded from the selected device profile: [Windows]
[2016.12.02-22.13.11:741][  0]LogInit: Computer: MUSTAFAUNIPC
[2016.12.02-22.13.11:741][  0]LogInit: User: Mustafa
[2016.12.02-22.13.11:741][  0]LogInit: CPU Page size=65536, Cores=2
[2016.12.02-22.13.11:741][  0]LogInit: High frequency timer resolution =2.533196 MHz
[2016.12.02-22.13.11:741][  0]LogMemory: Memory total: Physical=7.9GB (8GB approx)
[2016.12.02-22.13.11:741][  0]LogMemory: Platform Memory Stats for Windows
[2016.12.02-22.13.11:741][  0]LogMemory: Process Physical Memory: 191.57 MB used, 191.57 MB peak
[2016.12.02-22.13.11:741][  0]LogMemory: Process Virtual Memory: 195.07 MB used, 195.07 MB peak
[2016.12.02-22.13.11:741][  0]LogMemory: Physical Memory: 4637.56 MB used, 8083.27 MB total
[2016.12.02-22.13.11:741][  0]LogMemory: Virtual Memory: 552.34 MB used, 134217728.00 MB total
[2016.12.02-22.13.12:606][  0]LogTextLocalizationManager: No specific translations for ('en-US') exist, so ('en') translations will be used.
[2016.12.02-22.13.19:598][  0]LogD3D11RHI: D3D11 adapters:
[2016.12.02-22.13.19:673][  0]LogD3D11RHI:    0. 'NVIDIA GeForce 840M' (Feature Level 11_0)
[2016.12.02-22.13.19:673][  0]LogD3D11RHI:       1995/0/4041 MB DedicatedVideo/DedicatedSystem/SharedSystem, Outputs:2, VendorId:0x10de
[2016.12.02-22.13.19:730][  0]LogD3D11RHI:    1. 'Intel(R) HD Graphics Family' (Feature Level 11_0)
[2016.12.02-22.13.19:730][  0]LogD3D11RHI:       112/0/2048 MB DedicatedVideo/DedicatedSystem/SharedSystem, Outputs:0, VendorId:0x8086
[2016.12.02-22.13.19:760][  0]LogD3D11RHI:    2. 'Microsoft Basic Render Driver' (Feature Level 11_0)
[2016.12.02-22.13.19:760][  0]LogD3D11RHI:       0/0/4041 MB DedicatedVideo/DedicatedSystem/SharedSystem, Outputs:0, VendorId:0x1414
[2016.12.02-22.13.19:760][  0]LogD3D11RHI: Chosen D3D11 Adapter: 0
[2016.12.02-22.13.19:765][  0]LogD3D11RHI: Creating new Direct3DDevice
[2016.12.02-22.13.19:765][  0]LogD3D11RHI:     GPU DeviceId: 0x1341 (for the marketing name, search the web for "GPU Device Id")
[2016.12.02-22.13.19:765][  0]LogWindows: EnumDisplayDevices:
[2016.12.02-22.13.19:765][  0]LogWindows:    0. 'Intel(R) HD Graphics Family' (P:1 D:1)
[2016.12.02-22.13.19:772][  0]LogWindows:    1. 'Intel(R) HD Graphics Family' (P:0 D:1)
[2016.12.02-22.13.19:772][  0]LogWindows:    2. 'Intel(R) HD Graphics Family' (P:0 D:0)
[2016.12.02-22.13.19:773][  0]LogWindows: DebugString: PrimaryIsNotTheChoosenAdapter PrimaryIsNotTheChoosenAdapter PrimaryIsNotTheChoosenAdapter FoundDriverCount:0 
[2016.12.02-22.13.19:773][  0]LogD3D11RHI:     Adapter Name: NVIDIA GeForce 840M
[2016.12.02-22.13.19:773][  0]LogD3D11RHI:   Driver Version: Unknown (internal:Unknown, unified:Unknown)
[2016.12.02-22.13.19:773][  0]LogD3D11RHI:      Driver Date: Unknown
[2016.12.02-22.13.19:773][  0]LogRHI: Texture pool is 1361 MB (70% of 1945 MB)
[2016.12.02-22.13.19:789][  0]LogD3D11RHI: Async texture creation enabled
[2016.12.02-22.13.20:009][  0]LogD3D11RHI: GPU Timing Frequency: 1000.000000 (Debug: 2 1)
[2016.12.02-22.13.20:097][  0]LogShaderCompilers: Guid format shader working directory is -22 characters bigger than the processId version (../../../../../../Users/Mustafa/Documents/Unreal Projects/ShooterGame/Intermediate/Shaders/WorkingDirectory/14084/).
[2016.12.02-22.13.20:097][  0]LogShaderCompilers: Cleaned the shader compiler working directory 'C:/Users/Mustafa/AppData/Local/Temp/UnrealShaderWorkingDir/490FF49E4CCEAFAD40016097202C14CB/'.
[2016.12.02-22.13.20:097][  0]LogShaderCompilers:Display: Using Local Shader Compiler.
[2016.12.02-22.13.33:916][  0]LogTemp:Display: Loaded TP AllDesktopTargetPlatform
[2016.12.02-22.13.34:030][  0]LogTemp:Display: Loaded TP WindowsClientTargetPlatform
[2016.12.02-22.13.34:130][  0]LogTemp:Display: Loaded TP WindowsNoEditorTargetPlatform
[2016.12.02-22.13.34:220][  0]LogTemp:Display: Loaded TP WindowsServerTargetPlatform
[2016.12.02-22.13.34:357][  0]LogTemp:Display: Loaded TP WindowsTargetPlatform
[2016.12.02-22.13.34:568][  0]LogTemp:Display: Loaded TP AndroidTargetPlatform
[2016.12.02-22.13.34:877][  0]LogTemp:Display: Loaded TP Android_ASTCTargetPlatform
[2016.12.02-22.13.35:014][  0]LogTemp:Display: Loaded TP Android_ATCTargetPlatform
[2016.12.02-22.13.35:393][  0]LogTemp:Display: Loaded TP Android_DXTTargetPlatform
[2016.12.02-22.13.35:572][  0]LogTemp:Display: Loaded TP Android_ETC1TargetPlatform
[2016.12.02-22.13.35:792][  0]LogTemp:Display: Loaded TP Android_ETC2TargetPlatform
[2016.12.02-22.13.36:243][  0]LogTemp:Display: Loaded TP Android_MultiTargetPlatform
[2016.12.02-22.13.36:243][  0]LogTemp:Display: Loaded TP Android_PVRTCTargetPlatform
[2016.12.02-22.13.36:327][  0]LogTemp:Display: Loaded TP HTML5TargetPlatform
[2016.12.02-22.13.37:164][  0]LogTemp:Display: Loaded TP IOSTargetPlatform
[2016.12.02-22.13.37:277][  0]LogTemp:Display: Loaded TP TVOSTargetPlatform
[2016.12.02-22.13.37:421][  0]LogTemp:Display: Loaded TP LinuxNoEditorTargetPlatform
[2016.12.02-22.13.37:510][  0]LogTemp:Display: Loaded TP LinuxServerTargetPlatform
[2016.12.02-22.13.37:789][  0]LogTemp:Display: Loaded TP LinuxTargetPlatform
[2016.12.02-22.13.37:789][  0]LogTargetPlatformManager:Display: Building Assets For Windows
[2016.12.02-22.13.42:994][  0]LogDerivedDataCache:Display: Max Cache Size: 512 MB
[2016.12.02-22.13.59:164][  0]LogDerivedDataCache: Loaded boot cache 16.05s 438MB C:/Users/Mustafa/AppData/Local/UnrealEngine/4.12/DerivedDataCache/Boot.ddc.
[2016.12.02-22.13.59:164][  0]LogDerivedDataCache:Display: Loaded Boot cache: C:/Users/Mustafa/AppData/Local/UnrealEngine/4.12/DerivedDataCache/Boot.ddc
[2016.12.02-22.13.59:165][  0]LogDerivedDataCache: FDerivedDataBackendGraph:  Pak pak cache file ../../../../../../Users/Mustafa/Documents/Unreal Projects/ShooterGame/DerivedDataCache/DDC.ddp not found, will not use a pak cache.
[2016.12.02-22.13.59:165][  0]LogDerivedDataCache: Unable to find inner node Pak for hierarchical cache Hierarchy.
[2016.12.02-22.13.59:165][  0]LogDerivedDataCache: FDerivedDataBackendGraph:  CompressedPak pak cache file ../../../../../../Users/Mustafa/Documents/Unreal Projects/ShooterGame/DerivedDataCache/Compressed.ddp not found, will not use a pak cache.
[2016.12.02-22.13.59:165][  0]LogDerivedDataCache: Unable to find inner node CompressedPak for hierarchical cache Hierarchy.
[2016.12.02-22.13.59:316][  0]LogDerivedDataCache:Display: Pak cache opened for reading ../../../Engine/DerivedDataCache/Compressed.ddp.
[2016.12.02-22.13.59:328][  0]LogDerivedDataCache: Using Local data cache path C:/Users/Mustafa/AppData/Local/UnrealEngine/Common/DerivedDataCache: Writable
[2016.12.02-22.14.06:058][  0]LogInit: Selected Device Profile: [Windows]
[2016.12.02-22.14.06:144][  0]LogContentStreaming: Texture pool size is 0.00 MB
[2016.12.02-22.14.08:602][  0]LogMeshUtilities: No automatic mesh reduction module available
[2016.12.02-22.14.08:602][  0]LogMeshUtilities: No automatic mesh merging module available
[2016.12.02-22.14.08:602][  0]LogMeshUtilities: No distributed automatic mesh merging module available
[2016.12.02-22.14.11:522][  0]LogAssetRegistry: FAssetRegistry took 0.0227 seconds to start up
[2016.12.02-22.14.12:516][  0]LogPackageLocalizationCache: Processed 3 localized package path(s) for 2 prioritized culture(s) in 0.487971 seconds
[2016.12.02-22.14.12:564][  0]LogUObjectArray: 28739 objects as part of root set at end of initial load.
[2016.12.02-22.14.12:564][  0]LogUObjectAllocator: 5855632 out of 0 bytes used by permanent object pool.
[2016.12.02-22.14.12:564][  0]LogUObjectArray: CloseDisregardForGC: 0/0 objects in disregard for GC pool
[2016.12.02-22.14.12:667][  0]LogInit: WinSock: version 1.1 (2.2), MaxSocks=32767, MaxUdp=65467
[2016.12.02-22.14.24:151][  0]LogSlate: SlateFontCache - WITH_FREETYPE: 1, WITH_HARFBUZZ: 1
[2016.12.02-22.14.24:151][  0]LogSlate: SlateFontCache - WITH_FREETYPE: 1, WITH_HARFBUZZ: 1
[2016.12.02-22.14.49:513][  0]LogUdpMessaging: Initializing bridge on interface 0.0.0.0:0 to multicast group 230.0.0.1:6666.
[2016.12.02-22.14.50:931][  0]SourceControl: Info Source control is disabled
[2016.12.02-22.14.50:944][  0]SourceControl: Info Source control is disabled
[2016.12.02-22.14.51:010][  0]SourceControl: Info Source control is disabled
[2016.12.02-22.14.51:081][  0]SourceControl: Info Source control is disabled
[2016.12.02-22.14.53:314][  0]LogEngine: Initializing Engine...
[2016.12.02-22.14.53:461][  0]LogHMD: SteamVR failed to initialize.  Err: 110
[2016.12.02-22.14.53:462][  0]LogHMD: SteamVR failed to initialize.  Err: 110
[2016.12.02-22.14.54:033][  0]LogAIModule: Creating AISystem for world NewWorld
[2016.12.02-22.14.54:081][  0]LogInit: XAudio2 using 'Speakers (Realtek High Definition Audio)' : 2 channels at 48 kHz using 32 bits per sample (channel mask 0x3)
[2016.12.02-22.14.54:110][  0]LogInit: FAudioDevice initialized.
[2016.12.02-22.15.10:917][  0]LogDerivedDataCache: Saved boot cache 16.81s 438MB C:/Users/Mustafa/AppData/Local/UnrealEngine/4.12/DerivedDataCache/Boot.ddc.
[2016.12.02-22.15.10:988][  0]LogInit: Texture streaming: Enabled
[2016.12.02-22.15.14:492][  0]LogInit: Transaction tracking system initialized
[2016.12.02-22.15.15:301][  0]BlueprintLog: New page: Editor Load
[2016.12.02-22.15.25:499][  0]LocalizationService: Info Localization service is disabled
[2016.12.02-22.15.28:168][  0]LogConsoleResponse:Display: 
[2016.12.02-22.15.34:581][  0]LogFileCache: Scanning file cache for directory 'C:/Users/Mustafa/Documents/Unreal Projects/ShooterGame/Content/' took 0.07s
[2016.12.02-22.15.34:581][  0]LogCook:Display: Max memory allowance for cook 8192mb
[2016.12.02-22.15.34:581][  0]LogCook:Display: Mobile HDR setting 1
[2016.12.02-22.15.54:116][  0]SourceControl: Info Source control is disabled
[2016.12.02-22.15.54:252][  0]Cmd: MAP LOAD FILE="../../../../../../Users/Mustafa/Documents/Unreal Projects/ShooterGame/Content/StarterContent/Maps/Minimal_Default.umap" TEMPLATE=0 SHOWPROGRESS=1 FEATURELEVEL=3
[2016.12.02-22.15.54:333][  0]LightingResults: New page: Lighting Build
[2016.12.02-22.15.54:629][  0]MapCheck: New page: Map Check
[2016.12.02-22.15.54:629][  0]LightingResults: New page: Lighting Build
[2016.12.02-22.16.05:367][  0]LogAIModule: Creating AISystem for world Minimal_Default
[2016.12.02-22.16.06:067][  0]LogEditorServer: Finished looking for orphan Actors (0.000 secs)
[2016.12.02-22.16.06:142][  0]Cmd: MAP CHECKDEP NOCLEARLOG
[2016.12.02-22.16.06:235][  0]MapCheck: Info Map check complete: 0 Error(s), 0 Warning(s), took 92.901ms to complete.
[2016.12.02-22.16.06:235][  0]LogFileHelpers: Loading map 'Minimal_Default' took 11.984
[2016.12.02-22.16.08:862][  0]LogCollectionManager: Loaded 0 collections in 0.094883 seconds
[2016.12.02-22.16.09:391][  0]LogFileCache: Scanning file cache for directory 'C:/Users/Mustafa/Documents/Unreal Projects/ShooterGame/Saved/Collections/' took 0.01s
[2016.12.02-22.16.09:391][  0]LogFileCache: Scanning file cache for directory 'C:/Users/Mustafa/Documents/Unreal Projects/ShooterGame/Content/Developers/Mustafa/Collections/' took 0.01s
[2016.12.02-22.16.09:391][  0]LogFileCache: Scanning file cache for directory 'C:/Users/Mustafa/Documents/Unreal Projects/ShooterGame/Content/Collections/' took 0.01s
[2016.12.02-22.16.09:391][  0]LogCollectionManager: Rebuilt the GUID cache for 0 collections in 0.000004 seconds
[2016.12.02-22.16.09:517][  0]LogContentBrowser: Native class hierarchy populated in 0.0136 seconds. Added 2047 classes and 369 folders.
[2016.12.02-22.16.09:782][  0]LogStats: UGameplayTagsManager::ConstructGameplayTagTree: Construct from data asset -  0.000 s
[2016.12.02-22.16.09:783][  0]LogStats: UGameplayTagsManager::ConstructGameplayTagTree: GameplayTagTreeChangedEvent.Broadcast -  0.001 s
[2016.12.02-22.16.09:791][  0]LogContentBrowser: Native class hierarchy updated for 'GameplayTags' in 0.0008 seconds. Added 12 classes and 0 folders.
[2016.12.02-22.16.09:853][  0]LogContentBrowser: Native class hierarchy updated for 'WidgetCarousel' in 0.0008 seconds. Added 0 classes and 0 folders.
[2016.12.02-22.16.19:366][  0]LogContentBrowser: Native class hierarchy updated for 'AddContentDialog' in 0.0006 seconds. Added 0 classes and 0 folders.
[2016.12.02-22.16.19:444][  0]LogContentBrowser: Native class hierarchy updated for 'SceneOutliner' in 0.0005 seconds. Added 1 classes and 2 folders.
[2016.12.02-22.16.19:719][  0]LogCrashTracker: Crashtracker disabled due to settings.
[2016.12.02-22.16.19:820][  0]LogUObjectGlobals:Warning: Failed to find object 'Class None.'
[2016.12.02-22.16.20:027][  0]LogContentBrowser: Native class hierarchy updated for 'HierarchicalLODOutliner' in 0.0007 seconds. Added 1 classes and 2 folders.
[2016.12.02-22.16.20:027][  0]LogLoad: Full Startup: 191.18 seconds (BP compile: 0.36 seconds)
[2016.12.02-22.16.20:028][  0]LogExternalProfiler: Found external profiler: VSPerf
[2016.12.02-22.16.20:028][  0]LogExternalProfiler: Using external profiler: VSPerf
[2016.12.02-22.16.20:385][  0]LogOcInput: OculusInput pre-init called
[2016.12.02-22.16.20:585][  0]LogContentStreaming: Texture pool size now 200 MB
[2016.12.02-22.16.21:880][  0]LogRenderer: Reallocating scene render targets to support 804x540 (Frame:2).
[2016.12.02-22.16.23:559][  4]LogAssetRegistry: Asset discovery search completed in 132.0599 seconds
[2016.12.02-22.16.23:624][  4]LogCollectionManager: Rebuilt the object cache for 0 collec